{"C:\\09-episode\\src\\components\\Body.js": {"path":"C:\\09-episode\\src\\components\\Body.js","statementMap":{"0":{"start":{"line":8,"column":13},"end":{"line":98,"column":1}},"1":{"start":{"line":9,"column":38},"end":{"line":9,"column":52}},"2":{"start":{"line":10,"column":50},"end":{"line":10,"column":62}},"3":{"start":{"line":11,"column":46},"end":{"line":11,"column":58}},"4":{"start":{"line":13,"column":4},"end":{"line":13,"column":23}},"5":{"start":{"line":14,"column":37},"end":{"line":14,"column":70}},"6":{"start":{"line":15,"column":19},"end":{"line":15,"column":30}},"7":{"start":{"line":16,"column":30},"end":{"line":20,"column":3}},"8":{"start":{"line":17,"column":21},"end":{"line":17,"column":75}},"9":{"start":{"line":17,"column":52},"end":{"line":17,"column":74}},"10":{"start":{"line":18,"column":4},"end":{"line":18,"column":37}},"11":{"start":{"line":19,"column":4},"end":{"line":19,"column":25}},"12":{"start":{"line":22,"column":23},"end":{"line":29,"column":3}},"13":{"start":{"line":23,"column":21},"end":{"line":25,"column":5}},"14":{"start":{"line":24,"column":6},"end":{"line":24,"column":74}},"15":{"start":{"line":26,"column":4},"end":{"line":26,"column":37}},"16":{"start":{"line":27,"column":4},"end":{"line":27,"column":28}},"17":{"start":{"line":28,"column":4},"end":{"line":28,"column":40}},"18":{"start":{"line":30,"column":2},"end":{"line":32,"column":3}},"19":{"start":{"line":31,"column":4},"end":{"line":31,"column":27}},"20":{"start":{"line":34,"column":2},"end":{"line":97,"column":4}},"21":{"start":{"line":47,"column":14},"end":{"line":47,"column":50}},"22":{"start":{"line":78,"column":12},"end":{"line":90,"column":18}}},"fnMap":{"0":{"name":"(anonymous_0)","decl":{"start":{"line":8,"column":13},"end":{"line":8,"column":14}},"loc":{"start":{"line":8,"column":19},"end":{"line":98,"column":1}},"line":8},"1":{"name":"(anonymous_1)","decl":{"start":{"line":16,"column":30},"end":{"line":16,"column":31}},"loc":{"start":{"line":16,"column":36},"end":{"line":20,"column":3}},"line":16},"2":{"name":"(anonymous_2)","decl":{"start":{"line":17,"column":43},"end":{"line":17,"column":44}},"loc":{"start":{"line":17,"column":52},"end":{"line":17,"column":74}},"line":17},"3":{"name":"(anonymous_3)","decl":{"start":{"line":22,"column":23},"end":{"line":22,"column":24}},"loc":{"start":{"line":22,"column":29},"end":{"line":29,"column":3}},"line":22},"4":{"name":"(anonymous_4)","decl":{"start":{"line":23,"column":43},"end":{"line":23,"column":44}},"loc":{"start":{"line":24,"column":6},"end":{"line":24,"column":74}},"line":24},"5":{"name":"(anonymous_5)","decl":{"start":{"line":46,"column":22},"end":{"line":46,"column":23}},"loc":{"start":{"line":46,"column":29},"end":{"line":48,"column":13}},"line":46},"6":{"name":"(anonymous_6)","decl":{"start":{"line":77,"column":34},"end":{"line":77,"column":35}},"loc":{"start":{"line":78,"column":12},"end":{"line":90,"column":18}},"line":78}},"branchMap":{"0":{"loc":{"start":{"line":30,"column":2},"end":{"line":32,"column":3}},"type":"if","locations":[{"start":{"line":30,"column":2},"end":{"line":32,"column":3}},{"start":{},"end":{}}],"line":30},"1":{"loc":{"start":{"line":34,"column":9},"end":{"line":97,"column":3}},"type":"cond-expr","locations":[{"start":{"line":35,"column":4},"end":{"line":35,"column":15}},{"start":{"line":37,"column":4},"end":{"line":96,"column":10}}],"line":34},"2":{"loc":{"start":{"line":58,"column":9},"end":{"line":67,"column":9}},"type":"binary-expr","locations":[{"start":{"line":58,"column":9},"end":{"line":58,"column":19}},{"start":{"line":59,"column":10},"end":{"line":66,"column":16}}],"line":58},"3":{"loc":{"start":{"line":76,"column":9},"end":{"line":94,"column":9}},"type":"cond-expr","locations":[{"start":{"line":77,"column":10},"end":{"line":91,"column":12}},{"start":{"line":93,"column":10},"end":{"line":93,"column":80}}],"line":76},"4":{"loc":{"start":{"line":84,"column":16},"end":{"line":88,"column":17}},"type":"cond-expr","locations":[{"start":{"line":85,"column":18},"end":{"line":85,"column":70}},{"start":{"line":87,"column":18},"end":{"line":87,"column":58}}],"line":84}},"s":{"0":1,"1":4,"2":4,"3":4,"4":4,"5":4,"6":4,"7":4,"8":0,"9":0,"10":0,"11":0,"12":4,"13":1,"14":20,"15":1,"16":1,"17":1,"18":4,"19":0,"20":4,"21":1,"22":44},"f":{"0":4,"1":0,"2":0,"3":1,"4":20,"5":1,"6":44},"b":{"0":[0,4],"1":[1,3],"2":[3,3],"3":[3,0],"4":[34,10]},"_coverageSchema":"1a1c01bbd47fc00a2c39e90264f33305004495a9","hash":"800af2216bb249ccbdd5ed38d7a6d2fc8a849539"}
,"C:\\09-episode\\src\\components\\RestaurantCard.js": {"path":"C:\\09-episode\\src\\components\\RestaurantCard.js","statementMap":{"0":{"start":{"line":6,"column":23},"end":{"line":34,"column":1}},"1":{"start":{"line":14,"column":2},"end":{"line":33,"column":4}},"2":{"start":{"line":35,"column":33},"end":{"line":47,"column":1}},"3":{"start":{"line":36,"column":2},"end":{"line":46,"column":4}},"4":{"start":{"line":37,"column":41},"end":{"line":37,"column":46}},"5":{"start":{"line":38,"column":4},"end":{"line":45,"column":6}}},"fnMap":{"0":{"name":"(anonymous_0)","decl":{"start":{"line":6,"column":23},"end":{"line":6,"column":24}},"loc":{"start":{"line":13,"column":6},"end":{"line":34,"column":1}},"line":13},"1":{"name":"(anonymous_1)","decl":{"start":{"line":35,"column":33},"end":{"line":35,"column":34}},"loc":{"start":{"line":35,"column":53},"end":{"line":47,"column":1}},"line":35},"2":{"name":"(anonymous_2)","decl":{"start":{"line":36,"column":9},"end":{"line":36,"column":10}},"loc":{"start":{"line":36,"column":20},"end":{"line":46,"column":3}},"line":36}},"branchMap":{"0":{"loc":{"start":{"line":40,"column":9},"end":{"line":42,"column":9}},"type":"binary-expr","locations":[{"start":{"line":40,"column":9},"end":{"line":40,"column":33}},{"start":{"line":41,"column":10},"end":{"line":41,"column":177}}],"line":40}},"s":{"0":2,"1":46,"2":2,"3":5,"4":35,"5":35},"f":{"0":46,"1":5,"2":35},"b":{"0":[35,35]},"_coverageSchema":"1a1c01bbd47fc00a2c39e90264f33305004495a9","hash":"1ed327e44f65f520c6f8b2add8babaa283cded1d"}
}
