{"C:\\09-episode\\src\\components\\Contact.js": {"path":"C:\\09-episode\\src\\components\\Contact.js","statementMap":{"0":{"start":{"line":5,"column":16},"end":{"line":33,"column":1}},"1":{"start":{"line":6,"column":32},"end":{"line":6,"column":47}},"2":{"start":{"line":8,"column":23},"end":{"line":11,"column":3}},"3":{"start":{"line":9,"column":4},"end":{"line":9,"column":23}},"4":{"start":{"line":10,"column":4},"end":{"line":10,"column":21}},"5":{"start":{"line":13,"column":2},"end":{"line":32,"column":4}}},"fnMap":{"0":{"name":"(anonymous_0)","decl":{"start":{"line":5,"column":16},"end":{"line":5,"column":17}},"loc":{"start":{"line":5,"column":22},"end":{"line":33,"column":1}},"line":5},"1":{"name":"(anonymous_1)","decl":{"start":{"line":8,"column":23},"end":{"line":8,"column":24}},"loc":{"start":{"line":8,"column":30},"end":{"line":11,"column":3}},"line":8}},"branchMap":{"0":{"loc":{"start":{"line":26,"column":11},"end":{"line":28,"column":11}},"type":"binary-expr","locations":[{"start":{"line":26,"column":11},"end":{"line":26,"column":18}},{"start":{"line":27,"column":12},"end":{"line":27,"column":87}}],"line":26}},"s":{"0":1,"1":1,"2":1,"3":0,"4":0,"5":1},"f":{"0":1,"1":0},"b":{"0":[1,0]},"_coverageSchema":"1a1c01bbd47fc00a2c39e90264f33305004495a9","hash":"471d6a4b1654b27b8201a6dce81dd00f35ab8d1b"}
,"C:\\09-episode\\src\\components\\sum.js": {"path":"C:\\09-episode\\src\\components\\sum.js","statementMap":{"0":{"start":{"line":1,"column":19},"end":{"line":3,"column":1}},"1":{"start":{"line":2,"column":4},"end":{"line":2,"column":18}}},"fnMap":{"0":{"name":"(anonymous_0)","decl":{"start":{"line":1,"column":19},"end":{"line":1,"column":20}},"loc":{"start":{"line":1,"column":26},"end":{"line":3,"column":1}},"line":1}},"branchMap":{},"s":{"0":1,"1":1},"f":{"0":1},"b":{},"_coverageSchema":"1a1c01bbd47fc00a2c39e90264f33305004495a9","hash":"4989cb7e9929a6eeae11d210e0ab974bd4796a68"}
,"C:\\09-episode\\src\\utils\\constants.js": {"path":"C:\\09-episode\\src\\utils\\constants.js","statementMap":{"0":{"start":{"line":1,"column":24},"end":{"line":1,"column":128}},"1":{"start":{"line":2,"column":30},"end":{"line":2,"column":190}},"2":{"start":{"line":3,"column":23},"end":{"line":3,"column":106}},"3":{"start":{"line":4,"column":24},"end":{"line":4,"column":169}},"4":{"start":{"line":5,"column":26},"end":{"line":5,"column":65}},"5":{"start":{"line":6,"column":27},"end":{"line":6,"column":113}},"6":{"start":{"line":7,"column":26},"end":{"line":7,"column":120}},"7":{"start":{"line":8,"column":23},"end":{"line":8,"column":151}},"8":{"start":{"line":9,"column":31},"end":{"line":9,"column":62}},"9":{"start":{"line":10,"column":32},"end":{"line":10,"column":43}},"10":{"start":{"line":11,"column":27},"end":{"line":11,"column":57}}},"fnMap":{},"branchMap":{},"s":{"0":1,"1":1,"2":1,"3":1,"4":1,"5":1,"6":1,"7":1,"8":1,"9":1,"10":1},"f":{},"b":{},"_coverageSchema":"1a1c01bbd47fc00a2c39e90264f33305004495a9","hash":"38cf8395c6a8e81e991a3bb18c8b6800ec81077e"}
}
